The target system is: NintendoSwitch - 1 - aarch64
The host system is: Linux - 5.4.0-131-generic - x86_64
Compiling the C compiler identification source file "CMakeCCompilerId.c" succeeded.
Compiler: /opt/devkitpro/devkitA64/bin/aarch64-none-elf-gcc 
Build flags: 
Id flags:  

The output was:
0


Compilation of the C compiler identification source "CMakeCCompilerId.c" produced "a.out"

The C compiler identification is GNU, found in "/home/cyee/projects/switch-ftp-client/build/CMakeFiles/3.16.3/CompilerIdC/a.out"

Compiling the CXX compiler identification source file "CMakeCXXCompilerId.cpp" succeeded.
Compiler: /opt/devkitpro/devkitA64/bin/aarch64-none-elf-g++ 
Build flags: 
Id flags:  

The output was:
0


Compilation of the CXX compiler identification source "CMakeCXXCompilerId.cpp" produced "a.out"

The CXX compiler identification is GNU, found in "/home/cyee/projects/switch-ftp-client/build/CMakeFiles/3.16.3/CompilerIdCXX/a.out"

Determining if the C compiler works passed with the following output:
Change Dir: /home/cyee/projects/switch-ftp-client/build/CMakeFiles/CMakeTmp

Run Build Command(s):/usr/bin/make cmTC_cce1c/fast && /usr/bin/make -f CMakeFiles/cmTC_cce1c.dir/build.make CMakeFiles/cmTC_cce1c.dir/build
make[1]: Entering directory '/home/cyee/projects/switch-ftp-client/build/CMakeFiles/CMakeTmp'
Building C object CMakeFiles/cmTC_cce1c.dir/testCCompiler.o
/opt/devkitpro/devkitA64/bin/aarch64-none-elf-gcc  -isystem /include  -march=armv8-a+crc+crypto -mtune=cortex-a57 -mtp=soft -ftls-model=local-exec -ffunction-sections -fdata-sections -D__SWITCH__  -g -O2 -DNDEBUG -fPIE   -o CMakeFiles/cmTC_cce1c.dir/testCCompiler.o   -c /home/cyee/projects/switch-ftp-client/build/CMakeFiles/CMakeTmp/testCCompiler.c
Linking C executable cmTC_cce1c.elf
/usr/bin/cmake -E cmake_link_script CMakeFiles/cmTC_cce1c.dir/link.txt --verbose=1
/opt/devkitpro/devkitA64/bin/aarch64-none-elf-gcc -march=armv8-a+crc+crypto -mtune=cortex-a57 -mtp=soft -ftls-model=local-exec -ffunction-sections -fdata-sections -D__SWITCH__  -g -O2 -DNDEBUG  -march=armv8-a+crc+crypto -mtune=cortex-a57 -mtp=soft -ftls-model=local-exec -L/opt/devkitpro/libnx/lib -L/opt/devkitpro/portlibs/switch/lib -fPIE -specs=/opt/devkitpro/libnx/switch.specs  CMakeFiles/cmTC_cce1c.dir/testCCompiler.o  -o cmTC_cce1c.elf  -lnx -lm 
make[1]: Leaving directory '/home/cyee/projects/switch-ftp-client/build/CMakeFiles/CMakeTmp'



Detecting C compiler ABI info compiled with the following output:
Change Dir: /home/cyee/projects/switch-ftp-client/build/CMakeFiles/CMakeTmp

Run Build Command(s):/usr/bin/make cmTC_c6621/fast && /usr/bin/make -f CMakeFiles/cmTC_c6621.dir/build.make CMakeFiles/cmTC_c6621.dir/build
make[1]: Entering directory '/home/cyee/projects/switch-ftp-client/build/CMakeFiles/CMakeTmp'
Building C object CMakeFiles/cmTC_c6621.dir/CMakeCCompilerABI.o
/opt/devkitpro/devkitA64/bin/aarch64-none-elf-gcc  -isystem /include  -march=armv8-a+crc+crypto -mtune=cortex-a57 -mtp=soft -ftls-model=local-exec -ffunction-sections -fdata-sections -D__SWITCH__  -g -O2 -DNDEBUG -fPIE   -v -o CMakeFiles/cmTC_c6621.dir/CMakeCCompilerABI.o   -c /usr/share/cmake-3.16/Modules/CMakeCCompilerABI.c
Using built-in specs.
COLLECT_GCC=/opt/devkitpro/devkitA64/bin/aarch64-none-elf-gcc
Target: aarch64-none-elf
Configured with: ../../gcc-12.2.0/configure --enable-languages=c,c++,objc,lto --with-gnu-as --with-gnu-ld --with-gcc --with-march=armv8 --enable-cxx-flags=-ffunction-sections --disable-libstdcxx-verbose --enable-poison-system-directories --enable-multilib --enable-threads --disable-win32-registry --disable-nls --disable-debug --disable-libmudflap --disable-libssp --disable-libgomp --disable-libstdcxx-pch --enable-libstdcxx-time --enable-libstdcxx-filesystem-ts --target=aarch64-none-elf --with-newlib=yes --with-headers=../../newlib-4.2.0.20211231/newlib/libc/include --prefix=/home/davem/projects/devkitpro/tool-packages/devkitA64/src/build/x86_64-linux-gnu/devkitA64 --enable-lto --disable-tm-clone-registry --disable-__cxa_atexit --with-bugurl=https://github.com/devkitPro/buildscripts/issues --with-pkgversion='devkitA64 release 20' --build=x86_64-unknown-linux-gnu --host=x86_64-unknown-linux-gnu --with-gmp= --with-mpfr= --with-mpc= --with-isl= --with-zstd= --with-gmp=/opt/devkitpro/crosstools/x86_64-linux-gnu --with-mpfr=/opt/devkitpro/crosstools/x86_64-linux-gnu --with-mpc=/opt/devkitpro/crosstools/x86_64-linux-gnu --with-isl=/opt/devkitpro/crosstools/x86_64-linux-gnu --with-zstd=/opt/devkitpro/crosstools/x86_64-linux-gnu
Thread model: posix
Supported LTO compression algorithms: zlib zstd
gcc version 12.2.0 (devkitA64 release 20) 
COLLECT_GCC_OPTIONS='-isystem' '/include' '-march=armv8-a+crc+crypto' '-mtune=cortex-a57' '-mtp=soft' '-ftls-model=local-exec' '-ffunction-sections' '-fdata-sections' '-D' '__SWITCH__' '-g' '-O2' '-D' 'NDEBUG' '-fPIE' '-v' '-o' 'CMakeFiles/cmTC_c6621.dir/CMakeCCompilerABI.o' '-c' '-mlittle-endian' '-mabi=lp64' '-dumpdir' 'CMakeFiles/cmTC_c6621.dir/'
 /opt/devkitpro/devkitA64/bin/../libexec/gcc/aarch64-none-elf/12.2.0/cc1 -quiet -v -imultilib pic -iprefix /opt/devkitpro/devkitA64/bin/../lib/gcc/aarch64-none-elf/12.2.0/ -D __SWITCH__ -D NDEBUG -isystem /include /usr/share/cmake-3.16/Modules/CMakeCCompilerABI.c -quiet -dumpdir CMakeFiles/cmTC_c6621.dir/ -dumpbase CMakeCCompilerABI.c -dumpbase-ext .c -march=armv8-a+crc+crypto -mtune=cortex-a57 -mtp=soft -mlittle-endian -mabi=lp64 -g -O2 -version -ftls-model=local-exec -ffunction-sections -fdata-sections -fPIE -o /tmp/ccFtFVOk.s
GNU C17 (devkitA64 release 20) version 12.2.0 (aarch64-none-elf)
	compiled by GNU C version 8.3.0, GMP version 6.2.1, MPFR version 4.1.0, MPC version 1.2.1, isl version isl-0.18-GMP

GGC heuristics: --param ggc-min-expand=100 --param ggc-min-heapsize=131072
ignoring nonexistent directory "/include"
ignoring nonexistent directory "/opt/devkitpro/devkitA64/bin/../lib/gcc/aarch64-none-elf/12.2.0/../../../../aarch64-none-elf/sys-include"
ignoring duplicate directory "/opt/devkitpro/devkitA64/bin/../lib/gcc/../../lib/gcc/aarch64-none-elf/12.2.0/include"
ignoring duplicate directory "/opt/devkitpro/devkitA64/bin/../lib/gcc/../../lib/gcc/aarch64-none-elf/12.2.0/include-fixed"
ignoring nonexistent directory "/opt/devkitpro/devkitA64/bin/../lib/gcc/../../lib/gcc/aarch64-none-elf/12.2.0/../../../../aarch64-none-elf/sys-include"
ignoring duplicate directory "/opt/devkitpro/devkitA64/bin/../lib/gcc/../../lib/gcc/aarch64-none-elf/12.2.0/../../../../aarch64-none-elf/include"
#include "..." search starts here:
#include <...> search starts here:
 /opt/devkitpro/devkitA64/bin/../lib/gcc/aarch64-none-elf/12.2.0/include
 /opt/devkitpro/devkitA64/bin/../lib/gcc/aarch64-none-elf/12.2.0/include-fixed
 /opt/devkitpro/devkitA64/bin/../lib/gcc/aarch64-none-elf/12.2.0/../../../../aarch64-none-elf/include
End of search list.
GNU C17 (devkitA64 release 20) version 12.2.0 (aarch64-none-elf)
	compiled by GNU C version 8.3.0, GMP version 6.2.1, MPFR version 4.1.0, MPC version 1.2.1, isl version isl-0.18-GMP

GGC heuristics: --param ggc-min-expand=100 --param ggc-min-heapsize=131072
Compiler executable checksum: d498a687785daa4d234e8ee73b6d7f6c
COLLECT_GCC_OPTIONS='-isystem' '/include' '-march=armv8-a+crc+crypto' '-mtune=cortex-a57' '-mtp=soft' '-ftls-model=local-exec' '-ffunction-sections' '-fdata-sections' '-D' '__SWITCH__' '-g' '-O2' '-D' 'NDEBUG' '-fPIE' '-v' '-o' 'CMakeFiles/cmTC_c6621.dir/CMakeCCompilerABI.o' '-c' '-mlittle-endian' '-mabi=lp64' '-dumpdir' 'CMakeFiles/cmTC_c6621.dir/'
 /opt/devkitpro/devkitA64/bin/../lib/gcc/aarch64-none-elf/12.2.0/../../../../aarch64-none-elf/bin/as -v -EL -march=armv8-a+crc+crypto -mabi=lp64 -o CMakeFiles/cmTC_c6621.dir/CMakeCCompilerABI.o /tmp/ccFtFVOk.s
GNU assembler version 2.32 (aarch64-none-elf) using BFD version (GNU Binutils) 2.32
COMPILER_PATH=/opt/devkitpro/devkitA64/bin/../libexec/gcc/aarch64-none-elf/12.2.0/:/opt/devkitpro/devkitA64/bin/../libexec/gcc/:/opt/devkitpro/devkitA64/bin/../lib/gcc/aarch64-none-elf/12.2.0/../../../../aarch64-none-elf/bin/
LIBRARY_PATH=/opt/devkitpro/devkitA64/bin/../lib/gcc/aarch64-none-elf/12.2.0/pic/:/opt/devkitpro/devkitA64/bin/../lib/gcc/aarch64-none-elf/12.2.0/../../../../aarch64-none-elf/lib/pic/:/opt/devkitpro/devkitA64/bin/../lib/gcc/aarch64-none-elf/12.2.0/:/opt/devkitpro/devkitA64/bin/../lib/gcc/:/opt/devkitpro/devkitA64/bin/../lib/gcc/aarch64-none-elf/12.2.0/../../../../aarch64-none-elf/lib/
COLLECT_GCC_OPTIONS='-isystem' '/include' '-march=armv8-a+crc+crypto' '-mtune=cortex-a57' '-mtp=soft' '-ftls-model=local-exec' '-ffunction-sections' '-fdata-sections' '-D' '__SWITCH__' '-g' '-O2' '-D' 'NDEBUG' '-fPIE' '-v' '-o' 'CMakeFiles/cmTC_c6621.dir/CMakeCCompilerABI.o' '-c' '-mlittle-endian' '-mabi=lp64' '-dumpdir' 'CMakeFiles/cmTC_c6621.dir/CMakeCCompilerABI.'
Linking C executable cmTC_c6621.elf
/usr/bin/cmake -E cmake_link_script CMakeFiles/cmTC_c6621.dir/link.txt --verbose=1
/opt/devkitpro/devkitA64/bin/aarch64-none-elf-gcc -march=armv8-a+crc+crypto -mtune=cortex-a57 -mtp=soft -ftls-model=local-exec -ffunction-sections -fdata-sections -D__SWITCH__  -g -O2 -DNDEBUG  -march=armv8-a+crc+crypto -mtune=cortex-a57 -mtp=soft -ftls-model=local-exec -L/opt/devkitpro/libnx/lib -L/opt/devkitpro/portlibs/switch/lib -fPIE -specs=/opt/devkitpro/libnx/switch.specs -v CMakeFiles/cmTC_c6621.dir/CMakeCCompilerABI.o  -o cmTC_c6621.elf  -lnx -lm 
Using built-in specs.
Reading specs from /opt/devkitpro/libnx/switch.specs
rename spec link to old_link
COLLECT_GCC=/opt/devkitpro/devkitA64/bin/aarch64-none-elf-gcc
COLLECT_LTO_WRAPPER=/opt/devkitpro/devkitA64/bin/../libexec/gcc/aarch64-none-elf/12.2.0/lto-wrapper
Target: aarch64-none-elf
Configured with: ../../gcc-12.2.0/configure --enable-languages=c,c++,objc,lto --with-gnu-as --with-gnu-ld --with-gcc --with-march=armv8 --enable-cxx-flags=-ffunction-sections --disable-libstdcxx-verbose --enable-poison-system-directories --enable-multilib --enable-threads --disable-win32-registry --disable-nls --disable-debug --disable-libmudflap --disable-libssp --disable-libgomp --disable-libstdcxx-pch --enable-libstdcxx-time --enable-libstdcxx-filesystem-ts --target=aarch64-none-elf --with-newlib=yes --with-headers=../../newlib-4.2.0.20211231/newlib/libc/include --prefix=/home/davem/projects/devkitpro/tool-packages/devkitA64/src/build/x86_64-linux-gnu/devkitA64 --enable-lto --disable-tm-clone-registry --disable-__cxa_atexit --with-bugurl=https://github.com/devkitPro/buildscripts/issues --with-pkgversion='devkitA64 release 20' --build=x86_64-unknown-linux-gnu --host=x86_64-unknown-linux-gnu --with-gmp= --with-mpfr= --with-mpc= --with-isl= --with-zstd= --with-gmp=/opt/devkitpro/crosstools/x86_64-linux-gnu --with-mpfr=/opt/devkitpro/crosstools/x86_64-linux-gnu --with-mpc=/opt/devkitpro/crosstools/x86_64-linux-gnu --with-isl=/opt/devkitpro/crosstools/x86_64-linux-gnu --with-zstd=/opt/devkitpro/crosstools/x86_64-linux-gnu
Thread model: posix
Supported LTO compression algorithms: zlib zstd
gcc version 12.2.0 (devkitA64 release 20) 
COMPILER_PATH=/opt/devkitpro/devkitA64/bin/../libexec/gcc/aarch64-none-elf/12.2.0/:/opt/devkitpro/devkitA64/bin/../libexec/gcc/:/opt/devkitpro/devkitA64/bin/../lib/gcc/aarch64-none-elf/12.2.0/../../../../aarch64-none-elf/bin/
LIBRARY_PATH=/opt/devkitpro/devkitA64/bin/../lib/gcc/aarch64-none-elf/12.2.0/pic/:/opt/devkitpro/devkitA64/bin/../lib/gcc/aarch64-none-elf/12.2.0/../../../../aarch64-none-elf/lib/pic/:/opt/devkitpro/devkitA64/bin/../lib/gcc/aarch64-none-elf/12.2.0/:/opt/devkitpro/devkitA64/bin/../lib/gcc/:/opt/devkitpro/devkitA64/bin/../lib/gcc/aarch64-none-elf/12.2.0/../../../../aarch64-none-elf/lib/
COLLECT_GCC_OPTIONS='-mtp=soft' '-ftls-model=local-exec' '-ffunction-sections' '-fdata-sections' '-D' '__SWITCH__' '-g' '-O2' '-D' 'NDEBUG' '-march=armv8-a+crc+crypto' '-mtune=cortex-a57' '-mtp=soft' '-ftls-model=local-exec' '-L/opt/devkitpro/libnx/lib' '-L/opt/devkitpro/portlibs/switch/lib' '-fPIE' '-specs=/opt/devkitpro/libnx/switch.specs' '-v' '-o' 'cmTC_c6621.elf' '-mlittle-endian' '-mabi=lp64' '-dumpdir' 'cmTC_c6621.elf.'
 /opt/devkitpro/devkitA64/bin/../libexec/gcc/aarch64-none-elf/12.2.0/collect2 -plugin /opt/devkitpro/devkitA64/bin/../libexec/gcc/aarch64-none-elf/12.2.0/liblto_plugin.so -plugin-opt=/opt/devkitpro/devkitA64/bin/../libexec/gcc/aarch64-none-elf/12.2.0/lto-wrapper -plugin-opt=-fresolution=/tmp/ccG89l4N.res -plugin-opt=-pass-through=-lgcc -plugin-opt=-pass-through=-lg -plugin-opt=-pass-through=-lc -plugin-opt=-pass-through=-lsysbase -EL -X -maarch64elf -T /opt/devkitpro/libnx/switch.ld -pie --no-dynamic-linker --spare-dynamic-tags=0 --gc-sections -z text -z nodynamic-undefined-weak --build-id=sha1 --nx-module-name -o cmTC_c6621.elf /opt/devkitpro/devkitA64/bin/../lib/gcc/aarch64-none-elf/12.2.0/pic/crti.o /opt/devkitpro/devkitA64/bin/../lib/gcc/aarch64-none-elf/12.2.0/pic/crtbegin.o --require-defined=main -L/opt/devkitpro/libnx/lib -L/opt/devkitpro/portlibs/switch/lib -L/opt/devkitpro/devkitA64/bin/../lib/gcc/aarch64-none-elf/12.2.0/pic -L/opt/devkitpro/devkitA64/bin/../lib/gcc/aarch64-none-elf/12.2.0/../../../../aarch64-none-elf/lib/pic -L/opt/devkitpro/devkitA64/bin/../lib/gcc/aarch64-none-elf/12.2.0 -L/opt/devkitpro/devkitA64/bin/../lib/gcc -L/opt/devkitpro/devkitA64/bin/../lib/gcc/aarch64-none-elf/12.2.0/../../../../aarch64-none-elf/lib CMakeFiles/cmTC_c6621.dir/CMakeCCompilerABI.o -lnx -lm --start-group -lgcc -lg -lc -lsysbase --end-group /opt/devkitpro/devkitA64/bin/../lib/gcc/aarch64-none-elf/12.2.0/pic/crtend.o /opt/devkitpro/devkitA64/bin/../lib/gcc/aarch64-none-elf/12.2.0/pic/crtn.o
COLLECT_GCC_OPTIONS='-mtp=soft' '-ftls-model=local-exec' '-ffunction-sections' '-fdata-sections' '-D' '__SWITCH__' '-g' '-O2' '-D' 'NDEBUG' '-march=armv8-a+crc+crypto' '-mtune=cortex-a57' '-mtp=soft' '-ftls-model=local-exec' '-L/opt/devkitpro/libnx/lib' '-L/opt/devkitpro/portlibs/switch/lib' '-fPIE' '-specs=/opt/devkitpro/libnx/switch.specs' '-v' '-o' 'cmTC_c6621.elf' '-mlittle-endian' '-mabi=lp64' '-dumpdir' 'cmTC_c6621.elf.'
make[1]: Leaving directory '/home/cyee/projects/switch-ftp-client/build/CMakeFiles/CMakeTmp'



Parsed C implicit include dir info from above output: rv=done
  found start of include info
  found start of implicit include info
    add: [/opt/devkitpro/devkitA64/bin/../lib/gcc/aarch64-none-elf/12.2.0/include]
    add: [/opt/devkitpro/devkitA64/bin/../lib/gcc/aarch64-none-elf/12.2.0/include-fixed]
    add: [/opt/devkitpro/devkitA64/bin/../lib/gcc/aarch64-none-elf/12.2.0/../../../../aarch64-none-elf/include]
  end of search list found
  collapse include dir [/opt/devkitpro/devkitA64/bin/../lib/gcc/aarch64-none-elf/12.2.0/include] ==> [/opt/devkitpro/devkitA64/lib/gcc/aarch64-none-elf/12.2.0/include]
  collapse include dir [/opt/devkitpro/devkitA64/bin/../lib/gcc/aarch64-none-elf/12.2.0/include-fixed] ==> [/opt/devkitpro/devkitA64/lib/gcc/aarch64-none-elf/12.2.0/include-fixed]
  collapse include dir [/opt/devkitpro/devkitA64/bin/../lib/gcc/aarch64-none-elf/12.2.0/../../../../aarch64-none-elf/include] ==> [/opt/devkitpro/devkitA64/aarch64-none-elf/include]
  implicit include dirs: [/opt/devkitpro/devkitA64/lib/gcc/aarch64-none-elf/12.2.0/include;/opt/devkitpro/devkitA64/lib/gcc/aarch64-none-elf/12.2.0/include-fixed;/opt/devkitpro/devkitA64/aarch64-none-elf/include]


Parsed C implicit link information from above output:
  link line regex: [^( *|.*[/\])(aarch64-none-elf-ld|CMAKE_LINK_STARTFILE-NOTFOUND|([^/\]+-)?ld|collect2)[^/\]*( |$)]
  ignore line: [Change Dir: /home/cyee/projects/switch-ftp-client/build/CMakeFiles/CMakeTmp]
  ignore line: []
  ignore line: [Run Build Command(s):/usr/bin/make cmTC_c6621/fast && /usr/bin/make -f CMakeFiles/cmTC_c6621.dir/build.make CMakeFiles/cmTC_c6621.dir/build]
  ignore line: [make[1]: Entering directory '/home/cyee/projects/switch-ftp-client/build/CMakeFiles/CMakeTmp']
  ignore line: [Building C object CMakeFiles/cmTC_c6621.dir/CMakeCCompilerABI.o]
  ignore line: [/opt/devkitpro/devkitA64/bin/aarch64-none-elf-gcc  -isystem /include  -march=armv8-a+crc+crypto -mtune=cortex-a57 -mtp=soft -ftls-model=local-exec -ffunction-sections -fdata-sections -D__SWITCH__  -g -O2 -DNDEBUG -fPIE   -v -o CMakeFiles/cmTC_c6621.dir/CMakeCCompilerABI.o   -c /usr/share/cmake-3.16/Modules/CMakeCCompilerABI.c]
  ignore line: [Using built-in specs.]
  ignore line: [COLLECT_GCC=/opt/devkitpro/devkitA64/bin/aarch64-none-elf-gcc]
  ignore line: [Target: aarch64-none-elf]
  ignore line: [Configured with: ../../gcc-12.2.0/configure --enable-languages=c,c++,objc,lto --with-gnu-as --with-gnu-ld --with-gcc --with-march=armv8 --enable-cxx-flags=-ffunction-sections --disable-libstdcxx-verbose --enable-poison-system-directories --enable-multilib --enable-threads --disable-win32-registry --disable-nls --disable-debug --disable-libmudflap --disable-libssp --disable-libgomp --disable-libstdcxx-pch --enable-libstdcxx-time --enable-libstdcxx-filesystem-ts --target=aarch64-none-elf --with-newlib=yes --with-headers=../../newlib-4.2.0.20211231/newlib/libc/include --prefix=/home/davem/projects/devkitpro/tool-packages/devkitA64/src/build/x86_64-linux-gnu/devkitA64 --enable-lto --disable-tm-clone-registry --disable-__cxa_atexit --with-bugurl=https://github.com/devkitPro/buildscripts/issues --with-pkgversion='devkitA64 release 20' --build=x86_64-unknown-linux-gnu --host=x86_64-unknown-linux-gnu --with-gmp= --with-mpfr= --with-mpc= --with-isl= --with-zstd= --with-gmp=/opt/devkitpro/crosstools/x86_64-linux-gnu --with-mpfr=/opt/devkitpro/crosstools/x86_64-linux-gnu --with-mpc=/opt/devkitpro/crosstools/x86_64-linux-gnu --with-isl=/opt/devkitpro/crosstools/x86_64-linux-gnu --with-zstd=/opt/devkitpro/crosstools/x86_64-linux-gnu]
  ignore line: [Thread model: posix]
  ignore line: [Supported LTO compression algorithms: zlib zstd]
  ignore line: [gcc version 12.2.0 (devkitA64 release 20) ]
  ignore line: [COLLECT_GCC_OPTIONS='-isystem' '/include' '-march=armv8-a+crc+crypto' '-mtune=cortex-a57' '-mtp=soft' '-ftls-model=local-exec' '-ffunction-sections' '-fdata-sections' '-D' '__SWITCH__' '-g' '-O2' '-D' 'NDEBUG' '-fPIE' '-v' '-o' 'CMakeFiles/cmTC_c6621.dir/CMakeCCompilerABI.o' '-c' '-mlittle-endian' '-mabi=lp64' '-dumpdir' 'CMakeFiles/cmTC_c6621.dir/']
  ignore line: [ /opt/devkitpro/devkitA64/bin/../libexec/gcc/aarch64-none-elf/12.2.0/cc1 -quiet -v -imultilib pic -iprefix /opt/devkitpro/devkitA64/bin/../lib/gcc/aarch64-none-elf/12.2.0/ -D __SWITCH__ -D NDEBUG -isystem /include /usr/share/cmake-3.16/Modules/CMakeCCompilerABI.c -quiet -dumpdir CMakeFiles/cmTC_c6621.dir/ -dumpbase CMakeCCompilerABI.c -dumpbase-ext .c -march=armv8-a+crc+crypto -mtune=cortex-a57 -mtp=soft -mlittle-endian -mabi=lp64 -g -O2 -version -ftls-model=local-exec -ffunction-sections -fdata-sections -fPIE -o /tmp/ccFtFVOk.s]
  ignore line: [GNU C17 (devkitA64 release 20) version 12.2.0 (aarch64-none-elf)]
  ignore line: [	compiled by GNU C version 8.3.0  GMP version 6.2.1  MPFR version 4.1.0  MPC version 1.2.1  isl version isl-0.18-GMP]
  ignore line: []
  ignore line: [GGC heuristics: --param ggc-min-expand=100 --param ggc-min-heapsize=131072]
  ignore line: [ignoring nonexistent directory "/include"]
  ignore line: [ignoring nonexistent directory "/opt/devkitpro/devkitA64/bin/../lib/gcc/aarch64-none-elf/12.2.0/../../../../aarch64-none-elf/sys-include"]
  ignore line: [ignoring duplicate directory "/opt/devkitpro/devkitA64/bin/../lib/gcc/../../lib/gcc/aarch64-none-elf/12.2.0/include"]
  ignore line: [ignoring duplicate directory "/opt/devkitpro/devkitA64/bin/../lib/gcc/../../lib/gcc/aarch64-none-elf/12.2.0/include-fixed"]
  ignore line: [ignoring nonexistent directory "/opt/devkitpro/devkitA64/bin/../lib/gcc/../../lib/gcc/aarch64-none-elf/12.2.0/../../../../aarch64-none-elf/sys-include"]
  ignore line: [ignoring duplicate directory "/opt/devkitpro/devkitA64/bin/../lib/gcc/../../lib/gcc/aarch64-none-elf/12.2.0/../../../../aarch64-none-elf/include"]
  ignore line: [#include "..." search starts here:]
  ignore line: [#include <...> search starts here:]
  ignore line: [ /opt/devkitpro/devkitA64/bin/../lib/gcc/aarch64-none-elf/12.2.0/include]
  ignore line: [ /opt/devkitpro/devkitA64/bin/../lib/gcc/aarch64-none-elf/12.2.0/include-fixed]
  ignore line: [ /opt/devkitpro/devkitA64/bin/../lib/gcc/aarch64-none-elf/12.2.0/../../../../aarch64-none-elf/include]
  ignore line: [End of search list.]
  ignore line: [GNU C17 (devkitA64 release 20) version 12.2.0 (aarch64-none-elf)]
  ignore line: [	compiled by GNU C version 8.3.0  GMP version 6.2.1  MPFR version 4.1.0  MPC version 1.2.1  isl version isl-0.18-GMP]
  ignore line: []
  ignore line: [GGC heuristics: --param ggc-min-expand=100 --param ggc-min-heapsize=131072]
  ignore line: [Compiler executable checksum: d498a687785daa4d234e8ee73b6d7f6c]
  ignore line: [COLLECT_GCC_OPTIONS='-isystem' '/include' '-march=armv8-a+crc+crypto' '-mtune=cortex-a57' '-mtp=soft' '-ftls-model=local-exec' '-ffunction-sections' '-fdata-sections' '-D' '__SWITCH__' '-g' '-O2' '-D' 'NDEBUG' '-fPIE' '-v' '-o' 'CMakeFiles/cmTC_c6621.dir/CMakeCCompilerABI.o' '-c' '-mlittle-endian' '-mabi=lp64' '-dumpdir' 'CMakeFiles/cmTC_c6621.dir/']
  ignore line: [ /opt/devkitpro/devkitA64/bin/../lib/gcc/aarch64-none-elf/12.2.0/../../../../aarch64-none-elf/bin/as -v -EL -march=armv8-a+crc+crypto -mabi=lp64 -o CMakeFiles/cmTC_c6621.dir/CMakeCCompilerABI.o /tmp/ccFtFVOk.s]
  ignore line: [GNU assembler version 2.32 (aarch64-none-elf) using BFD version (GNU Binutils) 2.32]
  ignore line: [COMPILER_PATH=/opt/devkitpro/devkitA64/bin/../libexec/gcc/aarch64-none-elf/12.2.0/:/opt/devkitpro/devkitA64/bin/../libexec/gcc/:/opt/devkitpro/devkitA64/bin/../lib/gcc/aarch64-none-elf/12.2.0/../../../../aarch64-none-elf/bin/]
  ignore line: [LIBRARY_PATH=/opt/devkitpro/devkitA64/bin/../lib/gcc/aarch64-none-elf/12.2.0/pic/:/opt/devkitpro/devkitA64/bin/../lib/gcc/aarch64-none-elf/12.2.0/../../../../aarch64-none-elf/lib/pic/:/opt/devkitpro/devkitA64/bin/../lib/gcc/aarch64-none-elf/12.2.0/:/opt/devkitpro/devkitA64/bin/../lib/gcc/:/opt/devkitpro/devkitA64/bin/../lib/gcc/aarch64-none-elf/12.2.0/../../../../aarch64-none-elf/lib/]
  ignore line: [COLLECT_GCC_OPTIONS='-isystem' '/include' '-march=armv8-a+crc+crypto' '-mtune=cortex-a57' '-mtp=soft' '-ftls-model=local-exec' '-ffunction-sections' '-fdata-sections' '-D' '__SWITCH__' '-g' '-O2' '-D' 'NDEBUG' '-fPIE' '-v' '-o' 'CMakeFiles/cmTC_c6621.dir/CMakeCCompilerABI.o' '-c' '-mlittle-endian' '-mabi=lp64' '-dumpdir' 'CMakeFiles/cmTC_c6621.dir/CMakeCCompilerABI.']
  ignore line: [Linking C executable cmTC_c6621.elf]
  ignore line: [/usr/bin/cmake -E cmake_link_script CMakeFiles/cmTC_c6621.dir/link.txt --verbose=1]
  ignore line: [/opt/devkitpro/devkitA64/bin/aarch64-none-elf-gcc -march=armv8-a+crc+crypto -mtune=cortex-a57 -mtp=soft -ftls-model=local-exec -ffunction-sections -fdata-sections -D__SWITCH__  -g -O2 -DNDEBUG  -march=armv8-a+crc+crypto -mtune=cortex-a57 -mtp=soft -ftls-model=local-exec -L/opt/devkitpro/libnx/lib -L/opt/devkitpro/portlibs/switch/lib -fPIE -specs=/opt/devkitpro/libnx/switch.specs -v CMakeFiles/cmTC_c6621.dir/CMakeCCompilerABI.o  -o cmTC_c6621.elf  -lnx -lm ]
  ignore line: [Using built-in specs.]
  ignore line: [Reading specs from /opt/devkitpro/libnx/switch.specs]
  ignore line: [rename spec link to old_link]
  ignore line: [COLLECT_GCC=/opt/devkitpro/devkitA64/bin/aarch64-none-elf-gcc]
  ignore line: [COLLECT_LTO_WRAPPER=/opt/devkitpro/devkitA64/bin/../libexec/gcc/aarch64-none-elf/12.2.0/lto-wrapper]
  ignore line: [Target: aarch64-none-elf]
  ignore line: [Configured with: ../../gcc-12.2.0/configure --enable-languages=c,c++,objc,lto --with-gnu-as --with-gnu-ld --with-gcc --with-march=armv8 --enable-cxx-flags=-ffunction-sections --disable-libstdcxx-verbose --enable-poison-system-directories --enable-multilib --enable-threads --disable-win32-registry --disable-nls --disable-debug --disable-libmudflap --disable-libssp --disable-libgomp --disable-libstdcxx-pch --enable-libstdcxx-time --enable-libstdcxx-filesystem-ts --target=aarch64-none-elf --with-newlib=yes --with-headers=../../newlib-4.2.0.20211231/newlib/libc/include --prefix=/home/davem/projects/devkitpro/tool-packages/devkitA64/src/build/x86_64-linux-gnu/devkitA64 --enable-lto --disable-tm-clone-registry --disable-__cxa_atexit --with-bugurl=https://github.com/devkitPro/buildscripts/issues --with-pkgversion='devkitA64 release 20' --build=x86_64-unknown-linux-gnu --host=x86_64-unknown-linux-gnu --with-gmp= --with-mpfr= --with-mpc= --with-isl= --with-zstd= --with-gmp=/opt/devkitpro/crosstools/x86_64-linux-gnu --with-mpfr=/opt/devkitpro/crosstools/x86_64-linux-gnu --with-mpc=/opt/devkitpro/crosstools/x86_64-linux-gnu --with-isl=/opt/devkitpro/crosstools/x86_64-linux-gnu --with-zstd=/opt/devkitpro/crosstools/x86_64-linux-gnu]
  ignore line: [Thread model: posix]
  ignore line: [Supported LTO compression algorithms: zlib zstd]
  ignore line: [gcc version 12.2.0 (devkitA64 release 20) ]
  ignore line: [COMPILER_PATH=/opt/devkitpro/devkitA64/bin/../libexec/gcc/aarch64-none-elf/12.2.0/:/opt/devkitpro/devkitA64/bin/../libexec/gcc/:/opt/devkitpro/devkitA64/bin/../lib/gcc/aarch64-none-elf/12.2.0/../../../../aarch64-none-elf/bin/]
  ignore line: [LIBRARY_PATH=/opt/devkitpro/devkitA64/bin/../lib/gcc/aarch64-none-elf/12.2.0/pic/:/opt/devkitpro/devkitA64/bin/../lib/gcc/aarch64-none-elf/12.2.0/../../../../aarch64-none-elf/lib/pic/:/opt/devkitpro/devkitA64/bin/../lib/gcc/aarch64-none-elf/12.2.0/:/opt/devkitpro/devkitA64/bin/../lib/gcc/:/opt/devkitpro/devkitA64/bin/../lib/gcc/aarch64-none-elf/12.2.0/../../../../aarch64-none-elf/lib/]
  ignore line: [COLLECT_GCC_OPTIONS='-mtp=soft' '-ftls-model=local-exec' '-ffunction-sections' '-fdata-sections' '-D' '__SWITCH__' '-g' '-O2' '-D' 'NDEBUG' '-march=armv8-a+crc+crypto' '-mtune=cortex-a57' '-mtp=soft' '-ftls-model=local-exec' '-L/opt/devkitpro/libnx/lib' '-L/opt/devkitpro/portlibs/switch/lib' '-fPIE' '-specs=/opt/devkitpro/libnx/switch.specs' '-v' '-o' 'cmTC_c6621.elf' '-mlittle-endian' '-mabi=lp64' '-dumpdir' 'cmTC_c6621.elf.']
  link line: [ /opt/devkitpro/devkitA64/bin/../libexec/gcc/aarch64-none-elf/12.2.0/collect2 -plugin /opt/devkitpro/devkitA64/bin/../libexec/gcc/aarch64-none-elf/12.2.0/liblto_plugin.so -plugin-opt=/opt/devkitpro/devkitA64/bin/../libexec/gcc/aarch64-none-elf/12.2.0/lto-wrapper -plugin-opt=-fresolution=/tmp/ccG89l4N.res -plugin-opt=-pass-through=-lgcc -plugin-opt=-pass-through=-lg -plugin-opt=-pass-through=-lc -plugin-opt=-pass-through=-lsysbase -EL -X -maarch64elf -T /opt/devkitpro/libnx/switch.ld -pie --no-dynamic-linker --spare-dynamic-tags=0 --gc-sections -z text -z nodynamic-undefined-weak --build-id=sha1 --nx-module-name -o cmTC_c6621.elf /opt/devkitpro/devkitA64/bin/../lib/gcc/aarch64-none-elf/12.2.0/pic/crti.o /opt/devkitpro/devkitA64/bin/../lib/gcc/aarch64-none-elf/12.2.0/pic/crtbegin.o --require-defined=main -L/opt/devkitpro/libnx/lib -L/opt/devkitpro/portlibs/switch/lib -L/opt/devkitpro/devkitA64/bin/../lib/gcc/aarch64-none-elf/12.2.0/pic -L/opt/devkitpro/devkitA64/bin/../lib/gcc/aarch64-none-elf/12.2.0/../../../../aarch64-none-elf/lib/pic -L/opt/devkitpro/devkitA64/bin/../lib/gcc/aarch64-none-elf/12.2.0 -L/opt/devkitpro/devkitA64/bin/../lib/gcc -L/opt/devkitpro/devkitA64/bin/../lib/gcc/aarch64-none-elf/12.2.0/../../../../aarch64-none-elf/lib CMakeFiles/cmTC_c6621.dir/CMakeCCompilerABI.o -lnx -lm --start-group -lgcc -lg -lc -lsysbase --end-group /opt/devkitpro/devkitA64/bin/../lib/gcc/aarch64-none-elf/12.2.0/pic/crtend.o /opt/devkitpro/devkitA64/bin/../lib/gcc/aarch64-none-elf/12.2.0/pic/crtn.o]
    arg [/opt/devkitpro/devkitA64/bin/../libexec/gcc/aarch64-none-elf/12.2.0/collect2] ==> ignore
    arg [-plugin] ==> ignore
    arg [/opt/devkitpro/devkitA64/bin/../libexec/gcc/aarch64-none-elf/12.2.0/liblto_plugin.so] ==> ignore
    arg [-plugin-opt=/opt/devkitpro/devkitA64/bin/../libexec/gcc/aarch64-none-elf/12.2.0/lto-wrapper] ==> ignore
    arg [-plugin-opt=-fresolution=/tmp/ccG89l4N.res] ==> ignore
    arg [-plugin-opt=-pass-through=-lgcc] ==> ignore
    arg [-plugin-opt=-pass-through=-lg] ==> ignore
    arg [-plugin-opt=-pass-through=-lc] ==> ignore
    arg [-plugin-opt=-pass-through=-lsysbase] ==> ignore
    arg [-EL] ==> ignore
    arg [-X] ==> ignore
    arg [-maarch64elf] ==> ignore
    arg [-T] ==> ignore
    arg [/opt/devkitpro/libnx/switch.ld] ==> ignore
    arg [-pie] ==> ignore
    arg [--no-dynamic-linker] ==> ignore
    arg [--spare-dynamic-tags=0] ==> ignore
    arg [--gc-sections] ==> ignore
    arg [-ztext] ==> ignore
    arg [-znodynamic-undefined-weak] ==> ignore
    arg [--build-id=sha1] ==> ignore
    arg [--nx-module-name] ==> ignore
    arg [-o] ==> ignore
    arg [cmTC_c6621.elf] ==> ignore
    arg [/opt/devkitpro/devkitA64/bin/../lib/gcc/aarch64-none-elf/12.2.0/pic/crti.o] ==> ignore
    arg [/opt/devkitpro/devkitA64/bin/../lib/gcc/aarch64-none-elf/12.2.0/pic/crtbegin.o] ==> ignore
    arg [--require-defined=main] ==> ignore
    arg [-L/opt/devkitpro/libnx/lib] ==> dir [/opt/devkitpro/libnx/lib]
    arg [-L/opt/devkitpro/portlibs/switch/lib] ==> dir [/opt/devkitpro/portlibs/switch/lib]
    arg [-L/opt/devkitpro/devkitA64/bin/../lib/gcc/aarch64-none-elf/12.2.0/pic] ==> dir [/opt/devkitpro/devkitA64/bin/../lib/gcc/aarch64-none-elf/12.2.0/pic]
    arg [-L/opt/devkitpro/devkitA64/bin/../lib/gcc/aarch64-none-elf/12.2.0/../../../../aarch64-none-elf/lib/pic] ==> dir [/opt/devkitpro/devkitA64/bin/../lib/gcc/aarch64-none-elf/12.2.0/../../../../aarch64-none-elf/lib/pic]
    arg [-L/opt/devkitpro/devkitA64/bin/../lib/gcc/aarch64-none-elf/12.2.0] ==> dir [/opt/devkitpro/devkitA64/bin/../lib/gcc/aarch64-none-elf/12.2.0]
    arg [-L/opt/devkitpro/devkitA64/bin/../lib/gcc] ==> dir [/opt/devkitpro/devkitA64/bin/../lib/gcc]
    arg [-L/opt/devkitpro/devkitA64/bin/../lib/gcc/aarch64-none-elf/12.2.0/../../../../aarch64-none-elf/lib] ==> dir [/opt/devkitpro/devkitA64/bin/../lib/gcc/aarch64-none-elf/12.2.0/../../../../aarch64-none-elf/lib]
    arg [CMakeFiles/cmTC_c6621.dir/CMakeCCompilerABI.o] ==> ignore
    arg [-lnx] ==> lib [nx]
    arg [-lm] ==> lib [m]
    arg [--start-group] ==> ignore
    arg [-lgcc] ==> lib [gcc]
    arg [-lg] ==> lib [g]
    arg [-lc] ==> lib [c]
    arg [-lsysbase] ==> lib [sysbase]
    arg [--end-group] ==> ignore
    arg [/opt/devkitpro/devkitA64/bin/../lib/gcc/aarch64-none-elf/12.2.0/pic/crtend.o] ==> ignore
    arg [/opt/devkitpro/devkitA64/bin/../lib/gcc/aarch64-none-elf/12.2.0/pic/crtn.o] ==> ignore
  collapse library dir [/opt/devkitpro/libnx/lib] ==> [/opt/devkitpro/libnx/lib]
  collapse library dir [/opt/devkitpro/portlibs/switch/lib] ==> [/opt/devkitpro/portlibs/switch/lib]
  collapse library dir [/opt/devkitpro/devkitA64/bin/../lib/gcc/aarch64-none-elf/12.2.0/pic] ==> [/opt/devkitpro/devkitA64/lib/gcc/aarch64-none-elf/12.2.0/pic]
  collapse library dir [/opt/devkitpro/devkitA64/bin/../lib/gcc/aarch64-none-elf/12.2.0/../../../../aarch64-none-elf/lib/pic] ==> [/opt/devkitpro/devkitA64/aarch64-none-elf/lib/pic]
  collapse library dir [/opt/devkitpro/devkitA64/bin/../lib/gcc/aarch64-none-elf/12.2.0] ==> [/opt/devkitpro/devkitA64/lib/gcc/aarch64-none-elf/12.2.0]
  collapse library dir [/opt/devkitpro/devkitA64/bin/../lib/gcc] ==> [/opt/devkitpro/devkitA64/lib/gcc]
  collapse library dir [/opt/devkitpro/devkitA64/bin/../lib/gcc/aarch64-none-elf/12.2.0/../../../../aarch64-none-elf/lib] ==> [/opt/devkitpro/devkitA64/aarch64-none-elf/lib]
  implicit libs: [nx;m;gcc;g;c;sysbase]
  implicit dirs: [/opt/devkitpro/libnx/lib;/opt/devkitpro/portlibs/switch/lib;/opt/devkitpro/devkitA64/lib/gcc/aarch64-none-elf/12.2.0/pic;/opt/devkitpro/devkitA64/aarch64-none-elf/lib/pic;/opt/devkitpro/devkitA64/lib/gcc/aarch64-none-elf/12.2.0;/opt/devkitpro/devkitA64/lib/gcc;/opt/devkitpro/devkitA64/aarch64-none-elf/lib]
  implicit fwks: []


Determining if the CXX compiler works passed with the following output:
Change Dir: /home/cyee/projects/switch-ftp-client/build/CMakeFiles/CMakeTmp

Run Build Command(s):/usr/bin/make cmTC_9c802/fast && /usr/bin/make -f CMakeFiles/cmTC_9c802.dir/build.make CMakeFiles/cmTC_9c802.dir/build
make[1]: Entering directory '/home/cyee/projects/switch-ftp-client/build/CMakeFiles/CMakeTmp'
Building CXX object CMakeFiles/cmTC_9c802.dir/testCXXCompiler.o
/opt/devkitpro/devkitA64/bin/aarch64-none-elf-g++   -isystem /include  -march=armv8-a+crc+crypto -mtune=cortex-a57 -mtp=soft -ftls-model=local-exec -ffunction-sections -fdata-sections -D__SWITCH__  -g -O2 -DNDEBUG -fPIE   -o CMakeFiles/cmTC_9c802.dir/testCXXCompiler.o -c /home/cyee/projects/switch-ftp-client/build/CMakeFiles/CMakeTmp/testCXXCompiler.cxx
Linking CXX executable cmTC_9c802.elf
/usr/bin/cmake -E cmake_link_script CMakeFiles/cmTC_9c802.dir/link.txt --verbose=1
/opt/devkitpro/devkitA64/bin/aarch64-none-elf-g++  -march=armv8-a+crc+crypto -mtune=cortex-a57 -mtp=soft -ftls-model=local-exec -ffunction-sections -fdata-sections -D__SWITCH__  -g -O2 -DNDEBUG  -march=armv8-a+crc+crypto -mtune=cortex-a57 -mtp=soft -ftls-model=local-exec -L/opt/devkitpro/libnx/lib -L/opt/devkitpro/portlibs/switch/lib -fPIE -specs=/opt/devkitpro/libnx/switch.specs  CMakeFiles/cmTC_9c802.dir/testCXXCompiler.o  -o cmTC_9c802.elf  -lnx -lm 
make[1]: Leaving directory '/home/cyee/projects/switch-ftp-client/build/CMakeFiles/CMakeTmp'



Detecting CXX compiler ABI info compiled with the following output:
Change Dir: /home/cyee/projects/switch-ftp-client/build/CMakeFiles/CMakeTmp

Run Build Command(s):/usr/bin/make cmTC_bab0b/fast && /usr/bin/make -f CMakeFiles/cmTC_bab0b.dir/build.make CMakeFiles/cmTC_bab0b.dir/build
make[1]: Entering directory '/home/cyee/projects/switch-ftp-client/build/CMakeFiles/CMakeTmp'
Building CXX object CMakeFiles/cmTC_bab0b.dir/CMakeCXXCompilerABI.o
/opt/devkitpro/devkitA64/bin/aarch64-none-elf-g++   -isystem /include  -march=armv8-a+crc+crypto -mtune=cortex-a57 -mtp=soft -ftls-model=local-exec -ffunction-sections -fdata-sections -D__SWITCH__  -g -O2 -DNDEBUG -fPIE   -v -o CMakeFiles/cmTC_bab0b.dir/CMakeCXXCompilerABI.o -c /usr/share/cmake-3.16/Modules/CMakeCXXCompilerABI.cpp
Using built-in specs.
COLLECT_GCC=/opt/devkitpro/devkitA64/bin/aarch64-none-elf-g++
Target: aarch64-none-elf
Configured with: ../../gcc-12.2.0/configure --enable-languages=c,c++,objc,lto --with-gnu-as --with-gnu-ld --with-gcc --with-march=armv8 --enable-cxx-flags=-ffunction-sections --disable-libstdcxx-verbose --enable-poison-system-directories --enable-multilib --enable-threads --disable-win32-registry --disable-nls --disable-debug --disable-libmudflap --disable-libssp --disable-libgomp --disable-libstdcxx-pch --enable-libstdcxx-time --enable-libstdcxx-filesystem-ts --target=aarch64-none-elf --with-newlib=yes --with-headers=../../newlib-4.2.0.20211231/newlib/libc/include --prefix=/home/davem/projects/devkitpro/tool-packages/devkitA64/src/build/x86_64-linux-gnu/devkitA64 --enable-lto --disable-tm-clone-registry --disable-__cxa_atexit --with-bugurl=https://github.com/devkitPro/buildscripts/issues --with-pkgversion='devkitA64 release 20' --build=x86_64-unknown-linux-gnu --host=x86_64-unknown-linux-gnu --with-gmp= --with-mpfr= --with-mpc= --with-isl= --with-zstd= --with-gmp=/opt/devkitpro/crosstools/x86_64-linux-gnu --with-mpfr=/opt/devkitpro/crosstools/x86_64-linux-gnu --with-mpc=/opt/devkitpro/crosstools/x86_64-linux-gnu --with-isl=/opt/devkitpro/crosstools/x86_64-linux-gnu --with-zstd=/opt/devkitpro/crosstools/x86_64-linux-gnu
Thread model: posix
Supported LTO compression algorithms: zlib zstd
gcc version 12.2.0 (devkitA64 release 20) 
COLLECT_GCC_OPTIONS='-isystem' '/include' '-march=armv8-a+crc+crypto' '-mtune=cortex-a57' '-mtp=soft' '-ftls-model=local-exec' '-ffunction-sections' '-fdata-sections' '-D' '__SWITCH__' '-g' '-O2' '-D' 'NDEBUG' '-fPIE' '-v' '-o' 'CMakeFiles/cmTC_bab0b.dir/CMakeCXXCompilerABI.o' '-c' '-mlittle-endian' '-mabi=lp64' '-dumpdir' 'CMakeFiles/cmTC_bab0b.dir/'
 /opt/devkitpro/devkitA64/bin/../libexec/gcc/aarch64-none-elf/12.2.0/cc1plus -quiet -v -imultilib pic -iprefix /opt/devkitpro/devkitA64/bin/../lib/gcc/aarch64-none-elf/12.2.0/ -D __SWITCH__ -D NDEBUG -isystem /include /usr/share/cmake-3.16/Modules/CMakeCXXCompilerABI.cpp -quiet -dumpdir CMakeFiles/cmTC_bab0b.dir/ -dumpbase CMakeCXXCompilerABI.cpp -dumpbase-ext .cpp -march=armv8-a+crc+crypto -mtune=cortex-a57 -mtp=soft -mlittle-endian -mabi=lp64 -g -O2 -version -ftls-model=local-exec -ffunction-sections -fdata-sections -fPIE -o /tmp/ccXoQ9qt.s
GNU C++17 (devkitA64 release 20) version 12.2.0 (aarch64-none-elf)
	compiled by GNU C version 8.3.0, GMP version 6.2.1, MPFR version 4.1.0, MPC version 1.2.1, isl version isl-0.18-GMP

GGC heuristics: --param ggc-min-expand=100 --param ggc-min-heapsize=131072
ignoring nonexistent directory "/include"
ignoring nonexistent directory "/opt/devkitpro/devkitA64/bin/../lib/gcc/aarch64-none-elf/12.2.0/../../../../aarch64-none-elf/sys-include"
ignoring duplicate directory "/opt/devkitpro/devkitA64/bin/../lib/gcc/../../lib/gcc/aarch64-none-elf/12.2.0/../../../../aarch64-none-elf/include/c++/12.2.0"
ignoring duplicate directory "/opt/devkitpro/devkitA64/bin/../lib/gcc/../../lib/gcc/aarch64-none-elf/12.2.0/../../../../aarch64-none-elf/include/c++/12.2.0/aarch64-none-elf/pic"
ignoring duplicate directory "/opt/devkitpro/devkitA64/bin/../lib/gcc/../../lib/gcc/aarch64-none-elf/12.2.0/../../../../aarch64-none-elf/include/c++/12.2.0/backward"
ignoring duplicate directory "/opt/devkitpro/devkitA64/bin/../lib/gcc/../../lib/gcc/aarch64-none-elf/12.2.0/include"
ignoring duplicate directory "/opt/devkitpro/devkitA64/bin/../lib/gcc/../../lib/gcc/aarch64-none-elf/12.2.0/include-fixed"
ignoring nonexistent directory "/opt/devkitpro/devkitA64/bin/../lib/gcc/../../lib/gcc/aarch64-none-elf/12.2.0/../../../../aarch64-none-elf/sys-include"
ignoring duplicate directory "/opt/devkitpro/devkitA64/bin/../lib/gcc/../../lib/gcc/aarch64-none-elf/12.2.0/../../../../aarch64-none-elf/include"
#include "..." search starts here:
#include <...> search starts here:
 /opt/devkitpro/devkitA64/bin/../lib/gcc/aarch64-none-elf/12.2.0/../../../../aarch64-none-elf/include/c++/12.2.0
 /opt/devkitpro/devkitA64/bin/../lib/gcc/aarch64-none-elf/12.2.0/../../../../aarch64-none-elf/include/c++/12.2.0/aarch64-none-elf/pic
 /opt/devkitpro/devkitA64/bin/../lib/gcc/aarch64-none-elf/12.2.0/../../../../aarch64-none-elf/include/c++/12.2.0/backward
 /opt/devkitpro/devkitA64/bin/../lib/gcc/aarch64-none-elf/12.2.0/include
 /opt/devkitpro/devkitA64/bin/../lib/gcc/aarch64-none-elf/12.2.0/include-fixed
 /opt/devkitpro/devkitA64/bin/../lib/gcc/aarch64-none-elf/12.2.0/../../../../aarch64-none-elf/include
End of search list.
GNU C++17 (devkitA64 release 20) version 12.2.0 (aarch64-none-elf)
	compiled by GNU C version 8.3.0, GMP version 6.2.1, MPFR version 4.1.0, MPC version 1.2.1, isl version isl-0.18-GMP

GGC heuristics: --param ggc-min-expand=100 --param ggc-min-heapsize=131072
Compiler executable checksum: 1d0293d085132e107a8597f03ba26899
COLLECT_GCC_OPTIONS='-isystem' '/include' '-march=armv8-a+crc+crypto' '-mtune=cortex-a57' '-mtp=soft' '-ftls-model=local-exec' '-ffunction-sections' '-fdata-sections' '-D' '__SWITCH__' '-g' '-O2' '-D' 'NDEBUG' '-fPIE' '-v' '-o' 'CMakeFiles/cmTC_bab0b.dir/CMakeCXXCompilerABI.o' '-c' '-mlittle-endian' '-mabi=lp64' '-dumpdir' 'CMakeFiles/cmTC_bab0b.dir/'
 /opt/devkitpro/devkitA64/bin/../lib/gcc/aarch64-none-elf/12.2.0/../../../../aarch64-none-elf/bin/as -v -EL -march=armv8-a+crc+crypto -mabi=lp64 -o CMakeFiles/cmTC_bab0b.dir/CMakeCXXCompilerABI.o /tmp/ccXoQ9qt.s
GNU assembler version 2.32 (aarch64-none-elf) using BFD version (GNU Binutils) 2.32
COMPILER_PATH=/opt/devkitpro/devkitA64/bin/../libexec/gcc/aarch64-none-elf/12.2.0/:/opt/devkitpro/devkitA64/bin/../libexec/gcc/:/opt/devkitpro/devkitA64/bin/../lib/gcc/aarch64-none-elf/12.2.0/../../../../aarch64-none-elf/bin/
LIBRARY_PATH=/opt/devkitpro/devkitA64/bin/../lib/gcc/aarch64-none-elf/12.2.0/pic/:/opt/devkitpro/devkitA64/bin/../lib/gcc/aarch64-none-elf/12.2.0/../../../../aarch64-none-elf/lib/pic/:/opt/devkitpro/devkitA64/bin/../lib/gcc/aarch64-none-elf/12.2.0/:/opt/devkitpro/devkitA64/bin/../lib/gcc/:/opt/devkitpro/devkitA64/bin/../lib/gcc/aarch64-none-elf/12.2.0/../../../../aarch64-none-elf/lib/
COLLECT_GCC_OPTIONS='-isystem' '/include' '-march=armv8-a+crc+crypto' '-mtune=cortex-a57' '-mtp=soft' '-ftls-model=local-exec' '-ffunction-sections' '-fdata-sections' '-D' '__SWITCH__' '-g' '-O2' '-D' 'NDEBUG' '-fPIE' '-v' '-o' 'CMakeFiles/cmTC_bab0b.dir/CMakeCXXCompilerABI.o' '-c' '-mlittle-endian' '-mabi=lp64' '-dumpdir' 'CMakeFiles/cmTC_bab0b.dir/CMakeCXXCompilerABI.'
Linking CXX executable cmTC_bab0b.elf
/usr/bin/cmake -E cmake_link_script CMakeFiles/cmTC_bab0b.dir/link.txt --verbose=1
/opt/devkitpro/devkitA64/bin/aarch64-none-elf-g++  -march=armv8-a+crc+crypto -mtune=cortex-a57 -mtp=soft -ftls-model=local-exec -ffunction-sections -fdata-sections -D__SWITCH__  -g -O2 -DNDEBUG  -march=armv8-a+crc+crypto -mtune=cortex-a57 -mtp=soft -ftls-model=local-exec -L/opt/devkitpro/libnx/lib -L/opt/devkitpro/portlibs/switch/lib -fPIE -specs=/opt/devkitpro/libnx/switch.specs -v CMakeFiles/cmTC_bab0b.dir/CMakeCXXCompilerABI.o  -o cmTC_bab0b.elf  -lnx -lm 
Using built-in specs.
Reading specs from /opt/devkitpro/libnx/switch.specs
rename spec link to old_link
COLLECT_GCC=/opt/devkitpro/devkitA64/bin/aarch64-none-elf-g++
COLLECT_LTO_WRAPPER=/opt/devkitpro/devkitA64/bin/../libexec/gcc/aarch64-none-elf/12.2.0/lto-wrapper
Target: aarch64-none-elf
Configured with: ../../gcc-12.2.0/configure --enable-languages=c,c++,objc,lto --with-gnu-as --with-gnu-ld --with-gcc --with-march=armv8 --enable-cxx-flags=-ffunction-sections --disable-libstdcxx-verbose --enable-poison-system-directories --enable-multilib --enable-threads --disable-win32-registry --disable-nls --disable-debug --disable-libmudflap --disable-libssp --disable-libgomp --disable-libstdcxx-pch --enable-libstdcxx-time --enable-libstdcxx-filesystem-ts --target=aarch64-none-elf --with-newlib=yes --with-headers=../../newlib-4.2.0.20211231/newlib/libc/include --prefix=/home/davem/projects/devkitpro/tool-packages/devkitA64/src/build/x86_64-linux-gnu/devkitA64 --enable-lto --disable-tm-clone-registry --disable-__cxa_atexit --with-bugurl=https://github.com/devkitPro/buildscripts/issues --with-pkgversion='devkitA64 release 20' --build=x86_64-unknown-linux-gnu --host=x86_64-unknown-linux-gnu --with-gmp= --with-mpfr= --with-mpc= --with-isl= --with-zstd= --with-gmp=/opt/devkitpro/crosstools/x86_64-linux-gnu --with-mpfr=/opt/devkitpro/crosstools/x86_64-linux-gnu --with-mpc=/opt/devkitpro/crosstools/x86_64-linux-gnu --with-isl=/opt/devkitpro/crosstools/x86_64-linux-gnu --with-zstd=/opt/devkitpro/crosstools/x86_64-linux-gnu
Thread model: posix
Supported LTO compression algorithms: zlib zstd
gcc version 12.2.0 (devkitA64 release 20) 
COMPILER_PATH=/opt/devkitpro/devkitA64/bin/../libexec/gcc/aarch64-none-elf/12.2.0/:/opt/devkitpro/devkitA64/bin/../libexec/gcc/:/opt/devkitpro/devkitA64/bin/../lib/gcc/aarch64-none-elf/12.2.0/../../../../aarch64-none-elf/bin/
LIBRARY_PATH=/opt/devkitpro/devkitA64/bin/../lib/gcc/aarch64-none-elf/12.2.0/pic/:/opt/devkitpro/devkitA64/bin/../lib/gcc/aarch64-none-elf/12.2.0/../../../../aarch64-none-elf/lib/pic/:/opt/devkitpro/devkitA64/bin/../lib/gcc/aarch64-none-elf/12.2.0/:/opt/devkitpro/devkitA64/bin/../lib/gcc/:/opt/devkitpro/devkitA64/bin/../lib/gcc/aarch64-none-elf/12.2.0/../../../../aarch64-none-elf/lib/
COLLECT_GCC_OPTIONS='-mtp=soft' '-ftls-model=local-exec' '-ffunction-sections' '-fdata-sections' '-D' '__SWITCH__' '-g' '-O2' '-D' 'NDEBUG' '-march=armv8-a+crc+crypto' '-mtune=cortex-a57' '-mtp=soft' '-ftls-model=local-exec' '-L/opt/devkitpro/libnx/lib' '-L/opt/devkitpro/portlibs/switch/lib' '-fPIE' '-specs=/opt/devkitpro/libnx/switch.specs' '-v' '-o' 'cmTC_bab0b.elf' '-mlittle-endian' '-mabi=lp64' '-dumpdir' 'cmTC_bab0b.elf.'
 /opt/devkitpro/devkitA64/bin/../libexec/gcc/aarch64-none-elf/12.2.0/collect2 -plugin /opt/devkitpro/devkitA64/bin/../libexec/gcc/aarch64-none-elf/12.2.0/liblto_plugin.so -plugin-opt=/opt/devkitpro/devkitA64/bin/../libexec/gcc/aarch64-none-elf/12.2.0/lto-wrapper -plugin-opt=-fresolution=/tmp/cczBfSAR.res -plugin-opt=-pass-through=-lgcc -plugin-opt=-pass-through=-lg -plugin-opt=-pass-through=-lc -plugin-opt=-pass-through=-lsysbase -EL -X -maarch64elf -T /opt/devkitpro/libnx/switch.ld -pie --no-dynamic-linker --spare-dynamic-tags=0 --gc-sections -z text -z nodynamic-undefined-weak --build-id=sha1 --nx-module-name -o cmTC_bab0b.elf /opt/devkitpro/devkitA64/bin/../lib/gcc/aarch64-none-elf/12.2.0/pic/crti.o /opt/devkitpro/devkitA64/bin/../lib/gcc/aarch64-none-elf/12.2.0/pic/crtbegin.o --require-defined=main -L/opt/devkitpro/libnx/lib -L/opt/devkitpro/portlibs/switch/lib -L/opt/devkitpro/devkitA64/bin/../lib/gcc/aarch64-none-elf/12.2.0/pic -L/opt/devkitpro/devkitA64/bin/../lib/gcc/aarch64-none-elf/12.2.0/../../../../aarch64-none-elf/lib/pic -L/opt/devkitpro/devkitA64/bin/../lib/gcc/aarch64-none-elf/12.2.0 -L/opt/devkitpro/devkitA64/bin/../lib/gcc -L/opt/devkitpro/devkitA64/bin/../lib/gcc/aarch64-none-elf/12.2.0/../../../../aarch64-none-elf/lib CMakeFiles/cmTC_bab0b.dir/CMakeCXXCompilerABI.o -lnx -lstdc++ -lm --start-group -lgcc -lg -lc -lsysbase --end-group /opt/devkitpro/devkitA64/bin/../lib/gcc/aarch64-none-elf/12.2.0/pic/crtend.o /opt/devkitpro/devkitA64/bin/../lib/gcc/aarch64-none-elf/12.2.0/pic/crtn.o
COLLECT_GCC_OPTIONS='-mtp=soft' '-ftls-model=local-exec' '-ffunction-sections' '-fdata-sections' '-D' '__SWITCH__' '-g' '-O2' '-D' 'NDEBUG' '-march=armv8-a+crc+crypto' '-mtune=cortex-a57' '-mtp=soft' '-ftls-model=local-exec' '-L/opt/devkitpro/libnx/lib' '-L/opt/devkitpro/portlibs/switch/lib' '-fPIE' '-specs=/opt/devkitpro/libnx/switch.specs' '-v' '-o' 'cmTC_bab0b.elf' '-mlittle-endian' '-mabi=lp64' '-dumpdir' 'cmTC_bab0b.elf.'
make[1]: Leaving directory '/home/cyee/projects/switch-ftp-client/build/CMakeFiles/CMakeTmp'



Parsed CXX implicit include dir info from above output: rv=done
  found start of include info
  found start of implicit include info
    add: [/opt/devkitpro/devkitA64/bin/../lib/gcc/aarch64-none-elf/12.2.0/../../../../aarch64-none-elf/include/c++/12.2.0]
    add: [/opt/devkitpro/devkitA64/bin/../lib/gcc/aarch64-none-elf/12.2.0/../../../../aarch64-none-elf/include/c++/12.2.0/aarch64-none-elf/pic]
    add: [/opt/devkitpro/devkitA64/bin/../lib/gcc/aarch64-none-elf/12.2.0/../../../../aarch64-none-elf/include/c++/12.2.0/backward]
    add: [/opt/devkitpro/devkitA64/bin/../lib/gcc/aarch64-none-elf/12.2.0/include]
    add: [/opt/devkitpro/devkitA64/bin/../lib/gcc/aarch64-none-elf/12.2.0/include-fixed]
    add: [/opt/devkitpro/devkitA64/bin/../lib/gcc/aarch64-none-elf/12.2.0/../../../../aarch64-none-elf/include]
  end of search list found
  collapse include dir [/opt/devkitpro/devkitA64/bin/../lib/gcc/aarch64-none-elf/12.2.0/../../../../aarch64-none-elf/include/c++/12.2.0] ==> [/opt/devkitpro/devkitA64/aarch64-none-elf/include/c++/12.2.0]
  collapse include dir [/opt/devkitpro/devkitA64/bin/../lib/gcc/aarch64-none-elf/12.2.0/../../../../aarch64-none-elf/include/c++/12.2.0/aarch64-none-elf/pic] ==> [/opt/devkitpro/devkitA64/aarch64-none-elf/include/c++/12.2.0/aarch64-none-elf/pic]
  collapse include dir [/opt/devkitpro/devkitA64/bin/../lib/gcc/aarch64-none-elf/12.2.0/../../../../aarch64-none-elf/include/c++/12.2.0/backward] ==> [/opt/devkitpro/devkitA64/aarch64-none-elf/include/c++/12.2.0/backward]
  collapse include dir [/opt/devkitpro/devkitA64/bin/../lib/gcc/aarch64-none-elf/12.2.0/include] ==> [/opt/devkitpro/devkitA64/lib/gcc/aarch64-none-elf/12.2.0/include]
  collapse include dir [/opt/devkitpro/devkitA64/bin/../lib/gcc/aarch64-none-elf/12.2.0/include-fixed] ==> [/opt/devkitpro/devkitA64/lib/gcc/aarch64-none-elf/12.2.0/include-fixed]
  collapse include dir [/opt/devkitpro/devkitA64/bin/../lib/gcc/aarch64-none-elf/12.2.0/../../../../aarch64-none-elf/include] ==> [/opt/devkitpro/devkitA64/aarch64-none-elf/include]
  implicit include dirs: [/opt/devkitpro/devkitA64/aarch64-none-elf/include/c++/12.2.0;/opt/devkitpro/devkitA64/aarch64-none-elf/include/c++/12.2.0/aarch64-none-elf/pic;/opt/devkitpro/devkitA64/aarch64-none-elf/include/c++/12.2.0/backward;/opt/devkitpro/devkitA64/lib/gcc/aarch64-none-elf/12.2.0/include;/opt/devkitpro/devkitA64/lib/gcc/aarch64-none-elf/12.2.0/include-fixed;/opt/devkitpro/devkitA64/aarch64-none-elf/include]


Parsed CXX implicit link information from above output:
  link line regex: [^( *|.*[/\])(aarch64-none-elf-ld|CMAKE_LINK_STARTFILE-NOTFOUND|([^/\]+-)?ld|collect2)[^/\]*( |$)]
  ignore line: [Change Dir: /home/cyee/projects/switch-ftp-client/build/CMakeFiles/CMakeTmp]
  ignore line: []
  ignore line: [Run Build Command(s):/usr/bin/make cmTC_bab0b/fast && /usr/bin/make -f CMakeFiles/cmTC_bab0b.dir/build.make CMakeFiles/cmTC_bab0b.dir/build]
  ignore line: [make[1]: Entering directory '/home/cyee/projects/switch-ftp-client/build/CMakeFiles/CMakeTmp']
  ignore line: [Building CXX object CMakeFiles/cmTC_bab0b.dir/CMakeCXXCompilerABI.o]
  ignore line: [/opt/devkitpro/devkitA64/bin/aarch64-none-elf-g++   -isystem /include  -march=armv8-a+crc+crypto -mtune=cortex-a57 -mtp=soft -ftls-model=local-exec -ffunction-sections -fdata-sections -D__SWITCH__  -g -O2 -DNDEBUG -fPIE   -v -o CMakeFiles/cmTC_bab0b.dir/CMakeCXXCompilerABI.o -c /usr/share/cmake-3.16/Modules/CMakeCXXCompilerABI.cpp]
  ignore line: [Using built-in specs.]
  ignore line: [COLLECT_GCC=/opt/devkitpro/devkitA64/bin/aarch64-none-elf-g++]
  ignore line: [Target: aarch64-none-elf]
  ignore line: [Configured with: ../../gcc-12.2.0/configure --enable-languages=c,c++,objc,lto --with-gnu-as --with-gnu-ld --with-gcc --with-march=armv8 --enable-cxx-flags=-ffunction-sections --disable-libstdcxx-verbose --enable-poison-system-directories --enable-multilib --enable-threads --disable-win32-registry --disable-nls --disable-debug --disable-libmudflap --disable-libssp --disable-libgomp --disable-libstdcxx-pch --enable-libstdcxx-time --enable-libstdcxx-filesystem-ts --target=aarch64-none-elf --with-newlib=yes --with-headers=../../newlib-4.2.0.20211231/newlib/libc/include --prefix=/home/davem/projects/devkitpro/tool-packages/devkitA64/src/build/x86_64-linux-gnu/devkitA64 --enable-lto --disable-tm-clone-registry --disable-__cxa_atexit --with-bugurl=https://github.com/devkitPro/buildscripts/issues --with-pkgversion='devkitA64 release 20' --build=x86_64-unknown-linux-gnu --host=x86_64-unknown-linux-gnu --with-gmp= --with-mpfr= --with-mpc= --with-isl= --with-zstd= --with-gmp=/opt/devkitpro/crosstools/x86_64-linux-gnu --with-mpfr=/opt/devkitpro/crosstools/x86_64-linux-gnu --with-mpc=/opt/devkitpro/crosstools/x86_64-linux-gnu --with-isl=/opt/devkitpro/crosstools/x86_64-linux-gnu --with-zstd=/opt/devkitpro/crosstools/x86_64-linux-gnu]
  ignore line: [Thread model: posix]
  ignore line: [Supported LTO compression algorithms: zlib zstd]
  ignore line: [gcc version 12.2.0 (devkitA64 release 20) ]
  ignore line: [COLLECT_GCC_OPTIONS='-isystem' '/include' '-march=armv8-a+crc+crypto' '-mtune=cortex-a57' '-mtp=soft' '-ftls-model=local-exec' '-ffunction-sections' '-fdata-sections' '-D' '__SWITCH__' '-g' '-O2' '-D' 'NDEBUG' '-fPIE' '-v' '-o' 'CMakeFiles/cmTC_bab0b.dir/CMakeCXXCompilerABI.o' '-c' '-mlittle-endian' '-mabi=lp64' '-dumpdir' 'CMakeFiles/cmTC_bab0b.dir/']
  ignore line: [ /opt/devkitpro/devkitA64/bin/../libexec/gcc/aarch64-none-elf/12.2.0/cc1plus -quiet -v -imultilib pic -iprefix /opt/devkitpro/devkitA64/bin/../lib/gcc/aarch64-none-elf/12.2.0/ -D __SWITCH__ -D NDEBUG -isystem /include /usr/share/cmake-3.16/Modules/CMakeCXXCompilerABI.cpp -quiet -dumpdir CMakeFiles/cmTC_bab0b.dir/ -dumpbase CMakeCXXCompilerABI.cpp -dumpbase-ext .cpp -march=armv8-a+crc+crypto -mtune=cortex-a57 -mtp=soft -mlittle-endian -mabi=lp64 -g -O2 -version -ftls-model=local-exec -ffunction-sections -fdata-sections -fPIE -o /tmp/ccXoQ9qt.s]
  ignore line: [GNU C++17 (devkitA64 release 20) version 12.2.0 (aarch64-none-elf)]
  ignore line: [	compiled by GNU C version 8.3.0  GMP version 6.2.1  MPFR version 4.1.0  MPC version 1.2.1  isl version isl-0.18-GMP]
  ignore line: []
  ignore line: [GGC heuristics: --param ggc-min-expand=100 --param ggc-min-heapsize=131072]
  ignore line: [ignoring nonexistent directory "/include"]
  ignore line: [ignoring nonexistent directory "/opt/devkitpro/devkitA64/bin/../lib/gcc/aarch64-none-elf/12.2.0/../../../../aarch64-none-elf/sys-include"]
  ignore line: [ignoring duplicate directory "/opt/devkitpro/devkitA64/bin/../lib/gcc/../../lib/gcc/aarch64-none-elf/12.2.0/../../../../aarch64-none-elf/include/c++/12.2.0"]
  ignore line: [ignoring duplicate directory "/opt/devkitpro/devkitA64/bin/../lib/gcc/../../lib/gcc/aarch64-none-elf/12.2.0/../../../../aarch64-none-elf/include/c++/12.2.0/aarch64-none-elf/pic"]
  ignore line: [ignoring duplicate directory "/opt/devkitpro/devkitA64/bin/../lib/gcc/../../lib/gcc/aarch64-none-elf/12.2.0/../../../../aarch64-none-elf/include/c++/12.2.0/backward"]
  ignore line: [ignoring duplicate directory "/opt/devkitpro/devkitA64/bin/../lib/gcc/../../lib/gcc/aarch64-none-elf/12.2.0/include"]
  ignore line: [ignoring duplicate directory "/opt/devkitpro/devkitA64/bin/../lib/gcc/../../lib/gcc/aarch64-none-elf/12.2.0/include-fixed"]
  ignore line: [ignoring nonexistent directory "/opt/devkitpro/devkitA64/bin/../lib/gcc/../../lib/gcc/aarch64-none-elf/12.2.0/../../../../aarch64-none-elf/sys-include"]
  ignore line: [ignoring duplicate directory "/opt/devkitpro/devkitA64/bin/../lib/gcc/../../lib/gcc/aarch64-none-elf/12.2.0/../../../../aarch64-none-elf/include"]
  ignore line: [#include "..." search starts here:]
  ignore line: [#include <...> search starts here:]
  ignore line: [ /opt/devkitpro/devkitA64/bin/../lib/gcc/aarch64-none-elf/12.2.0/../../../../aarch64-none-elf/include/c++/12.2.0]
  ignore line: [ /opt/devkitpro/devkitA64/bin/../lib/gcc/aarch64-none-elf/12.2.0/../../../../aarch64-none-elf/include/c++/12.2.0/aarch64-none-elf/pic]
  ignore line: [ /opt/devkitpro/devkitA64/bin/../lib/gcc/aarch64-none-elf/12.2.0/../../../../aarch64-none-elf/include/c++/12.2.0/backward]
  ignore line: [ /opt/devkitpro/devkitA64/bin/../lib/gcc/aarch64-none-elf/12.2.0/include]
  ignore line: [ /opt/devkitpro/devkitA64/bin/../lib/gcc/aarch64-none-elf/12.2.0/include-fixed]
  ignore line: [ /opt/devkitpro/devkitA64/bin/../lib/gcc/aarch64-none-elf/12.2.0/../../../../aarch64-none-elf/include]
  ignore line: [End of search list.]
  ignore line: [GNU C++17 (devkitA64 release 20) version 12.2.0 (aarch64-none-elf)]
  ignore line: [	compiled by GNU C version 8.3.0  GMP version 6.2.1  MPFR version 4.1.0  MPC version 1.2.1  isl version isl-0.18-GMP]
  ignore line: []
  ignore line: [GGC heuristics: --param ggc-min-expand=100 --param ggc-min-heapsize=131072]
  ignore line: [Compiler executable checksum: 1d0293d085132e107a8597f03ba26899]
  ignore line: [COLLECT_GCC_OPTIONS='-isystem' '/include' '-march=armv8-a+crc+crypto' '-mtune=cortex-a57' '-mtp=soft' '-ftls-model=local-exec' '-ffunction-sections' '-fdata-sections' '-D' '__SWITCH__' '-g' '-O2' '-D' 'NDEBUG' '-fPIE' '-v' '-o' 'CMakeFiles/cmTC_bab0b.dir/CMakeCXXCompilerABI.o' '-c' '-mlittle-endian' '-mabi=lp64' '-dumpdir' 'CMakeFiles/cmTC_bab0b.dir/']
  ignore line: [ /opt/devkitpro/devkitA64/bin/../lib/gcc/aarch64-none-elf/12.2.0/../../../../aarch64-none-elf/bin/as -v -EL -march=armv8-a+crc+crypto -mabi=lp64 -o CMakeFiles/cmTC_bab0b.dir/CMakeCXXCompilerABI.o /tmp/ccXoQ9qt.s]
  ignore line: [GNU assembler version 2.32 (aarch64-none-elf) using BFD version (GNU Binutils) 2.32]
  ignore line: [COMPILER_PATH=/opt/devkitpro/devkitA64/bin/../libexec/gcc/aarch64-none-elf/12.2.0/:/opt/devkitpro/devkitA64/bin/../libexec/gcc/:/opt/devkitpro/devkitA64/bin/../lib/gcc/aarch64-none-elf/12.2.0/../../../../aarch64-none-elf/bin/]
  ignore line: [LIBRARY_PATH=/opt/devkitpro/devkitA64/bin/../lib/gcc/aarch64-none-elf/12.2.0/pic/:/opt/devkitpro/devkitA64/bin/../lib/gcc/aarch64-none-elf/12.2.0/../../../../aarch64-none-elf/lib/pic/:/opt/devkitpro/devkitA64/bin/../lib/gcc/aarch64-none-elf/12.2.0/:/opt/devkitpro/devkitA64/bin/../lib/gcc/:/opt/devkitpro/devkitA64/bin/../lib/gcc/aarch64-none-elf/12.2.0/../../../../aarch64-none-elf/lib/]
  ignore line: [COLLECT_GCC_OPTIONS='-isystem' '/include' '-march=armv8-a+crc+crypto' '-mtune=cortex-a57' '-mtp=soft' '-ftls-model=local-exec' '-ffunction-sections' '-fdata-sections' '-D' '__SWITCH__' '-g' '-O2' '-D' 'NDEBUG' '-fPIE' '-v' '-o' 'CMakeFiles/cmTC_bab0b.dir/CMakeCXXCompilerABI.o' '-c' '-mlittle-endian' '-mabi=lp64' '-dumpdir' 'CMakeFiles/cmTC_bab0b.dir/CMakeCXXCompilerABI.']
  ignore line: [Linking CXX executable cmTC_bab0b.elf]
  ignore line: [/usr/bin/cmake -E cmake_link_script CMakeFiles/cmTC_bab0b.dir/link.txt --verbose=1]
  ignore line: [/opt/devkitpro/devkitA64/bin/aarch64-none-elf-g++  -march=armv8-a+crc+crypto -mtune=cortex-a57 -mtp=soft -ftls-model=local-exec -ffunction-sections -fdata-sections -D__SWITCH__  -g -O2 -DNDEBUG  -march=armv8-a+crc+crypto -mtune=cortex-a57 -mtp=soft -ftls-model=local-exec -L/opt/devkitpro/libnx/lib -L/opt/devkitpro/portlibs/switch/lib -fPIE -specs=/opt/devkitpro/libnx/switch.specs -v CMakeFiles/cmTC_bab0b.dir/CMakeCXXCompilerABI.o  -o cmTC_bab0b.elf  -lnx -lm ]
  ignore line: [Using built-in specs.]
  ignore line: [Reading specs from /opt/devkitpro/libnx/switch.specs]
  ignore line: [rename spec link to old_link]
  ignore line: [COLLECT_GCC=/opt/devkitpro/devkitA64/bin/aarch64-none-elf-g++]
  ignore line: [COLLECT_LTO_WRAPPER=/opt/devkitpro/devkitA64/bin/../libexec/gcc/aarch64-none-elf/12.2.0/lto-wrapper]
  ignore line: [Target: aarch64-none-elf]
  ignore line: [Configured with: ../../gcc-12.2.0/configure --enable-languages=c,c++,objc,lto --with-gnu-as --with-gnu-ld --with-gcc --with-march=armv8 --enable-cxx-flags=-ffunction-sections --disable-libstdcxx-verbose --enable-poison-system-directories --enable-multilib --enable-threads --disable-win32-registry --disable-nls --disable-debug --disable-libmudflap --disable-libssp --disable-libgomp --disable-libstdcxx-pch --enable-libstdcxx-time --enable-libstdcxx-filesystem-ts --target=aarch64-none-elf --with-newlib=yes --with-headers=../../newlib-4.2.0.20211231/newlib/libc/include --prefix=/home/davem/projects/devkitpro/tool-packages/devkitA64/src/build/x86_64-linux-gnu/devkitA64 --enable-lto --disable-tm-clone-registry --disable-__cxa_atexit --with-bugurl=https://github.com/devkitPro/buildscripts/issues --with-pkgversion='devkitA64 release 20' --build=x86_64-unknown-linux-gnu --host=x86_64-unknown-linux-gnu --with-gmp= --with-mpfr= --with-mpc= --with-isl= --with-zstd= --with-gmp=/opt/devkitpro/crosstools/x86_64-linux-gnu --with-mpfr=/opt/devkitpro/crosstools/x86_64-linux-gnu --with-mpc=/opt/devkitpro/crosstools/x86_64-linux-gnu --with-isl=/opt/devkitpro/crosstools/x86_64-linux-gnu --with-zstd=/opt/devkitpro/crosstools/x86_64-linux-gnu]
  ignore line: [Thread model: posix]
  ignore line: [Supported LTO compression algorithms: zlib zstd]
  ignore line: [gcc version 12.2.0 (devkitA64 release 20) ]
  ignore line: [COMPILER_PATH=/opt/devkitpro/devkitA64/bin/../libexec/gcc/aarch64-none-elf/12.2.0/:/opt/devkitpro/devkitA64/bin/../libexec/gcc/:/opt/devkitpro/devkitA64/bin/../lib/gcc/aarch64-none-elf/12.2.0/../../../../aarch64-none-elf/bin/]
  ignore line: [LIBRARY_PATH=/opt/devkitpro/devkitA64/bin/../lib/gcc/aarch64-none-elf/12.2.0/pic/:/opt/devkitpro/devkitA64/bin/../lib/gcc/aarch64-none-elf/12.2.0/../../../../aarch64-none-elf/lib/pic/:/opt/devkitpro/devkitA64/bin/../lib/gcc/aarch64-none-elf/12.2.0/:/opt/devkitpro/devkitA64/bin/../lib/gcc/:/opt/devkitpro/devkitA64/bin/../lib/gcc/aarch64-none-elf/12.2.0/../../../../aarch64-none-elf/lib/]
  ignore line: [COLLECT_GCC_OPTIONS='-mtp=soft' '-ftls-model=local-exec' '-ffunction-sections' '-fdata-sections' '-D' '__SWITCH__' '-g' '-O2' '-D' 'NDEBUG' '-march=armv8-a+crc+crypto' '-mtune=cortex-a57' '-mtp=soft' '-ftls-model=local-exec' '-L/opt/devkitpro/libnx/lib' '-L/opt/devkitpro/portlibs/switch/lib' '-fPIE' '-specs=/opt/devkitpro/libnx/switch.specs' '-v' '-o' 'cmTC_bab0b.elf' '-mlittle-endian' '-mabi=lp64' '-dumpdir' 'cmTC_bab0b.elf.']
  link line: [ /opt/devkitpro/devkitA64/bin/../libexec/gcc/aarch64-none-elf/12.2.0/collect2 -plugin /opt/devkitpro/devkitA64/bin/../libexec/gcc/aarch64-none-elf/12.2.0/liblto_plugin.so -plugin-opt=/opt/devkitpro/devkitA64/bin/../libexec/gcc/aarch64-none-elf/12.2.0/lto-wrapper -plugin-opt=-fresolution=/tmp/cczBfSAR.res -plugin-opt=-pass-through=-lgcc -plugin-opt=-pass-through=-lg -plugin-opt=-pass-through=-lc -plugin-opt=-pass-through=-lsysbase -EL -X -maarch64elf -T /opt/devkitpro/libnx/switch.ld -pie --no-dynamic-linker --spare-dynamic-tags=0 --gc-sections -z text -z nodynamic-undefined-weak --build-id=sha1 --nx-module-name -o cmTC_bab0b.elf /opt/devkitpro/devkitA64/bin/../lib/gcc/aarch64-none-elf/12.2.0/pic/crti.o /opt/devkitpro/devkitA64/bin/../lib/gcc/aarch64-none-elf/12.2.0/pic/crtbegin.o --require-defined=main -L/opt/devkitpro/libnx/lib -L/opt/devkitpro/portlibs/switch/lib -L/opt/devkitpro/devkitA64/bin/../lib/gcc/aarch64-none-elf/12.2.0/pic -L/opt/devkitpro/devkitA64/bin/../lib/gcc/aarch64-none-elf/12.2.0/../../../../aarch64-none-elf/lib/pic -L/opt/devkitpro/devkitA64/bin/../lib/gcc/aarch64-none-elf/12.2.0 -L/opt/devkitpro/devkitA64/bin/../lib/gcc -L/opt/devkitpro/devkitA64/bin/../lib/gcc/aarch64-none-elf/12.2.0/../../../../aarch64-none-elf/lib CMakeFiles/cmTC_bab0b.dir/CMakeCXXCompilerABI.o -lnx -lstdc++ -lm --start-group -lgcc -lg -lc -lsysbase --end-group /opt/devkitpro/devkitA64/bin/../lib/gcc/aarch64-none-elf/12.2.0/pic/crtend.o /opt/devkitpro/devkitA64/bin/../lib/gcc/aarch64-none-elf/12.2.0/pic/crtn.o]
    arg [/opt/devkitpro/devkitA64/bin/../libexec/gcc/aarch64-none-elf/12.2.0/collect2] ==> ignore
    arg [-plugin] ==> ignore
    arg [/opt/devkitpro/devkitA64/bin/../libexec/gcc/aarch64-none-elf/12.2.0/liblto_plugin.so] ==> ignore
    arg [-plugin-opt=/opt/devkitpro/devkitA64/bin/../libexec/gcc/aarch64-none-elf/12.2.0/lto-wrapper] ==> ignore
    arg [-plugin-opt=-fresolution=/tmp/cczBfSAR.res] ==> ignore
    arg [-plugin-opt=-pass-through=-lgcc] ==> ignore
    arg [-plugin-opt=-pass-through=-lg] ==> ignore
    arg [-plugin-opt=-pass-through=-lc] ==> ignore
    arg [-plugin-opt=-pass-through=-lsysbase] ==> ignore
    arg [-EL] ==> ignore
    arg [-X] ==> ignore
    arg [-maarch64elf] ==> ignore
    arg [-T] ==> ignore
    arg [/opt/devkitpro/libnx/switch.ld] ==> ignore
    arg [-pie] ==> ignore
    arg [--no-dynamic-linker] ==> ignore
    arg [--spare-dynamic-tags=0] ==> ignore
    arg [--gc-sections] ==> ignore
    arg [-ztext] ==> ignore
    arg [-znodynamic-undefined-weak] ==> ignore
    arg [--build-id=sha1] ==> ignore
    arg [--nx-module-name] ==> ignore
    arg [-o] ==> ignore
    arg [cmTC_bab0b.elf] ==> ignore
    arg [/opt/devkitpro/devkitA64/bin/../lib/gcc/aarch64-none-elf/12.2.0/pic/crti.o] ==> ignore
    arg [/opt/devkitpro/devkitA64/bin/../lib/gcc/aarch64-none-elf/12.2.0/pic/crtbegin.o] ==> ignore
    arg [--require-defined=main] ==> ignore
    arg [-L/opt/devkitpro/libnx/lib] ==> dir [/opt/devkitpro/libnx/lib]
    arg [-L/opt/devkitpro/portlibs/switch/lib] ==> dir [/opt/devkitpro/portlibs/switch/lib]
    arg [-L/opt/devkitpro/devkitA64/bin/../lib/gcc/aarch64-none-elf/12.2.0/pic] ==> dir [/opt/devkitpro/devkitA64/bin/../lib/gcc/aarch64-none-elf/12.2.0/pic]
    arg [-L/opt/devkitpro/devkitA64/bin/../lib/gcc/aarch64-none-elf/12.2.0/../../../../aarch64-none-elf/lib/pic] ==> dir [/opt/devkitpro/devkitA64/bin/../lib/gcc/aarch64-none-elf/12.2.0/../../../../aarch64-none-elf/lib/pic]
    arg [-L/opt/devkitpro/devkitA64/bin/../lib/gcc/aarch64-none-elf/12.2.0] ==> dir [/opt/devkitpro/devkitA64/bin/../lib/gcc/aarch64-none-elf/12.2.0]
    arg [-L/opt/devkitpro/devkitA64/bin/../lib/gcc] ==> dir [/opt/devkitpro/devkitA64/bin/../lib/gcc]
    arg [-L/opt/devkitpro/devkitA64/bin/../lib/gcc/aarch64-none-elf/12.2.0/../../../../aarch64-none-elf/lib] ==> dir [/opt/devkitpro/devkitA64/bin/../lib/gcc/aarch64-none-elf/12.2.0/../../../../aarch64-none-elf/lib]
    arg [CMakeFiles/cmTC_bab0b.dir/CMakeCXXCompilerABI.o] ==> ignore
    arg [-lnx] ==> lib [nx]
    arg [-lstdc++] ==> lib [stdc++]
    arg [-lm] ==> lib [m]
    arg [--start-group] ==> ignore
    arg [-lgcc] ==> lib [gcc]
    arg [-lg] ==> lib [g]
    arg [-lc] ==> lib [c]
    arg [-lsysbase] ==> lib [sysbase]
    arg [--end-group] ==> ignore
    arg [/opt/devkitpro/devkitA64/bin/../lib/gcc/aarch64-none-elf/12.2.0/pic/crtend.o] ==> ignore
    arg [/opt/devkitpro/devkitA64/bin/../lib/gcc/aarch64-none-elf/12.2.0/pic/crtn.o] ==> ignore
  collapse library dir [/opt/devkitpro/libnx/lib] ==> [/opt/devkitpro/libnx/lib]
  collapse library dir [/opt/devkitpro/portlibs/switch/lib] ==> [/opt/devkitpro/portlibs/switch/lib]
  collapse library dir [/opt/devkitpro/devkitA64/bin/../lib/gcc/aarch64-none-elf/12.2.0/pic] ==> [/opt/devkitpro/devkitA64/lib/gcc/aarch64-none-elf/12.2.0/pic]
  collapse library dir [/opt/devkitpro/devkitA64/bin/../lib/gcc/aarch64-none-elf/12.2.0/../../../../aarch64-none-elf/lib/pic] ==> [/opt/devkitpro/devkitA64/aarch64-none-elf/lib/pic]
  collapse library dir [/opt/devkitpro/devkitA64/bin/../lib/gcc/aarch64-none-elf/12.2.0] ==> [/opt/devkitpro/devkitA64/lib/gcc/aarch64-none-elf/12.2.0]
  collapse library dir [/opt/devkitpro/devkitA64/bin/../lib/gcc] ==> [/opt/devkitpro/devkitA64/lib/gcc]
  collapse library dir [/opt/devkitpro/devkitA64/bin/../lib/gcc/aarch64-none-elf/12.2.0/../../../../aarch64-none-elf/lib] ==> [/opt/devkitpro/devkitA64/aarch64-none-elf/lib]
  implicit libs: [nx;stdc++;m;gcc;g;c;sysbase]
  implicit dirs: [/opt/devkitpro/libnx/lib;/opt/devkitpro/portlibs/switch/lib;/opt/devkitpro/devkitA64/lib/gcc/aarch64-none-elf/12.2.0/pic;/opt/devkitpro/devkitA64/aarch64-none-elf/lib/pic;/opt/devkitpro/devkitA64/lib/gcc/aarch64-none-elf/12.2.0;/opt/devkitpro/devkitA64/lib/gcc;/opt/devkitpro/devkitA64/aarch64-none-elf/lib]
  implicit fwks: []


